1720464203497	geckodriver	INFO	Listening on 127.0.0.1:60022
1720464206573	mozrunner::runner	INFO	Running command: "C:\\Users\\sonde\\.cache\\selenium\\firefox\\win64\\127.0.2\\firefox.exe" "--marionette" "--remote-debuggin ... 3" "--remote-allow-hosts" "localhost" "-no-remote" "-profile" "C:\\Users\\sonde\\AppData\\Local\\Temp\\rust_mozprofilep12AK5"
console.warn: services.settings: Ignoring preference override of remote settings server
console.warn: services.settings: Allow by setting MOZ_REMOTE_SETTINGS_DEVTOOLS=1 in the environment
Dynamically enable window occlusion 0
1720464206819	Marionette	INFO	Marionette enabled
1720464206934	Marionette	INFO	Listening on port 60030
WebDriver BiDi listening on ws://127.0.0.1:60023
Read port: 60030
1720464207096	RemoteAgent	WARN	TLS certificate errors will be ignored for this session
DevTools listening on ws://127.0.0.1:60023/devtools/browser/405b0cb6-3d60-4c4d-9621-5e1312c2932f
1720464236960	addons.xpi	ERROR	System addon update list error SyntaxError: XMLHttpRequest.open: 'http://%(server)s/dummy-system-addons.xml' is not a valid URL.
console.error: "Unable to find target with innerWindowId:6442450945"
console.error: "buildList failed: " ({})
JavaScript error: , line 0: NS_ERROR_NOT_AVAILABLE
1720550637284	addons.xpi	ERROR	System addon update list error SyntaxError: XMLHttpRequest.open: 'http://%(server)s/dummy-system-addons.xml' is not a valid URL.
JavaScript error: resource://gre/modules/AsyncShutdown.sys.mjs, line 569: NotFoundError: No such JSProcessActor 'DevToolsProcess'
JavaScript error: resource://gre/modules/AsyncShutdown.sys.mjs, line 569: NotFoundError: No such JSProcessActor 'DevToolsProcess'
JavaScript error: resource://gre/modules/AsyncShutdown.sys.mjs, line 569: NotFoundError: No such JSProcessActor 'DevToolsProcess'
1720553085021	Marionette	INFO	Stopped listening on port 60030
Dynamically enable window occlusion 1
