1720182165401	geckodriver	INFO	Listening on 127.0.0.1:53944
1720182168462	mozrunner::runner	INFO	Running command: "C:\\Users\\sonde\\.cache\\selenium\\firefox\\win64\\127.0.2\\firefox.exe" "--marionette" "--remote-debuggin ... 5" "--remote-allow-hosts" "localhost" "-no-remote" "-profile" "C:\\Users\\sonde\\AppData\\Local\\Temp\\rust_mozprofileFbZk3K"
console.warn: services.settings: Ignoring preference override of remote settings server
console.warn: services.settings: Allow by setting MOZ_REMOTE_SETTINGS_DEVTOOLS=1 in the environment
Dynamically enable window occlusion 0
1720182168720	Marionette	INFO	Marionette enabled
1720182168834	Marionette	INFO	Listening on port 53955
WebDriver BiDi listening on ws://127.0.0.1:53945
Read port: 53955
1720182168999	RemoteAgent	WARN	TLS certificate errors will be ignored for this session
DevTools listening on ws://127.0.0.1:53945/devtools/browser/5cdc894f-213a-4785-ae91-f9a6a76e98fe
1720182198914	addons.xpi	ERROR	System addon update list error SyntaxError: XMLHttpRequest.open: 'http://%(server)s/dummy-system-addons.xml' is not a valid URL.
console.error: "Tried to call unwatchFronts for the 'accessibility' type on an already destroyed front 'windowGlobalTarget'."
console.warn: "Listener for event 'frame' did not return a promise."
console.error: "Unable to find target with innerWindowId:6442450947"
JavaScript error: , line 0: NotFoundError: No such JSProcessActor 'DevToolsProcess'
JavaScript error: , line 0: NotFoundError: No such JSProcessActor 'DevToolsProcess'
JavaScript error: , line 0: NotFoundError: No such JSProcessActor 'DevToolsProcess'
console.error: "Unable to find target with innerWindowId:6442450949"
JavaScript error: , line 0: NS_ERROR_NOT_AVAILABLE
JavaScript error: , line 0: NotFoundError: No such JSProcessActor 'DevToolsProcess'
JavaScript error: , line 0: NotFoundError: No such JSProcessActor 'DevToolsProcess'
JavaScript error: , line 0: NotFoundError: No such JSProcessActor 'DevToolsProcess'
console.error: "Unable to find target with innerWindowId:6442450949"
console.error: "Unable to find target with innerWindowId:6442450949"
JavaScript error: , line 0: NotFoundError: No such JSProcessActor 'DevToolsProcess'
JavaScript error: , line 0: NotFoundError: No such JSProcessActor 'DevToolsProcess'
JavaScript error: , line 0: NotFoundError: No such JSProcessActor 'DevToolsProcess'
JavaScript error: resource://gre/modules/AsyncShutdown.sys.mjs, line 569: NotFoundError: No such JSProcessActor 'DevToolsProcess'
JavaScript error: resource://gre/modules/AsyncShutdown.sys.mjs, line 569: NotFoundError: No such JSProcessActor 'DevToolsProcess'
JavaScript error: resource://gre/modules/AsyncShutdown.sys.mjs, line 569: NotFoundError: No such JSProcessActor 'DevToolsProcess'
1720260945392	Marionette	INFO	Stopped listening on port 53955
Dynamically enable window occlusion 1
